<?xml version="1.0" encoding="UTF-8"?>
<testsuite name="com.group.libraryapp.LibraryAppApplicationTests" tests="1" skipped="0" failures="0" errors="0" timestamp="2023-10-17T01:43:31" hostname="DESKTOP-08GDHB5" time="0.005">
  <properties/>
  <testcase name="contextLoads()" classname="com.group.libraryapp.LibraryAppApplicationTests" time="0.005"/>
  <system-out><![CDATA[2023-10-17 10:43:31.273  INFO 10540 --- [    Test worker] .b.t.c.SpringBootTestContextBootstrapper : Neither @ContextConfiguration nor @ContextHierarchy found for test class [com.group.libraryapp.LibraryAppApplicationTests], using SpringBootContextLoader
2023-10-17 10:43:31.275  INFO 10540 --- [    Test worker] o.s.t.c.support.AbstractContextLoader    : Could not detect default resource locations for test class [com.group.libraryapp.LibraryAppApplicationTests]: no resource found for suffixes {-context.xml, Context.groovy}.
2023-10-17 10:43:31.275  INFO 10540 --- [    Test worker] t.c.s.AnnotationConfigContextLoaderUtils : Could not detect default configuration classes for test class [com.group.libraryapp.LibraryAppApplicationTests]: LibraryAppApplicationTests does not declare any static, non-private, non-final, nested classes annotated with @Configuration.
2023-10-17 10:43:31.285  INFO 10540 --- [    Test worker] .b.t.c.SpringBootTestContextBootstrapper : Found @SpringBootConfiguration com.group.libraryapp.LibraryAppApplication for test class com.group.libraryapp.LibraryAppApplicationTests
2023-10-17 10:43:31.289  INFO 10540 --- [    Test worker] .b.t.c.SpringBootTestContextBootstrapper : Loaded default TestExecutionListener class names from location [META-INF/spring.factories]: [org.springframework.boot.test.autoconfigure.restdocs.RestDocsTestExecutionListener, org.springframework.boot.test.autoconfigure.web.client.MockRestServiceServerResetTestExecutionListener, org.springframework.boot.test.autoconfigure.web.servlet.MockMvcPrintOnlyOnFailureTestExecutionListener, org.springframework.boot.test.autoconfigure.web.servlet.WebDriverTestExecutionListener, org.springframework.boot.test.autoconfigure.webservices.client.MockWebServiceServerTestExecutionListener, org.springframework.boot.test.mock.mockito.MockitoTestExecutionListener, org.springframework.boot.test.mock.mockito.ResetMocksTestExecutionListener, org.springframework.test.context.web.ServletTestExecutionListener, org.springframework.test.context.support.DirtiesContextBeforeModesTestExecutionListener, org.springframework.test.context.event.ApplicationEventsTestExecutionListener, org.springframework.test.context.support.DependencyInjectionTestExecutionListener, org.springframework.test.context.support.DirtiesContextTestExecutionListener, org.springframework.test.context.transaction.TransactionalTestExecutionListener, org.springframework.test.context.jdbc.SqlScriptsTestExecutionListener, org.springframework.test.context.event.EventPublishingTestExecutionListener]
2023-10-17 10:43:31.290  INFO 10540 --- [    Test worker] .b.t.c.SpringBootTestContextBootstrapper : Using TestExecutionListeners: [org.springframework.test.context.web.ServletTestExecutionListener@45398bb0, org.springframework.test.context.support.DirtiesContextBeforeModesTestExecutionListener@35ffe3ac, org.springframework.test.context.event.ApplicationEventsTestExecutionListener@60fc4450, org.springframework.boot.test.mock.mockito.MockitoTestExecutionListener@2e674698, org.springframework.boot.test.autoconfigure.SpringBootDependencyInjectionTestExecutionListener@270a3cef, org.springframework.test.context.support.DirtiesContextTestExecutionListener@6d224921, org.springframework.test.context.transaction.TransactionalTestExecutionListener@6f7e5e11, org.springframework.test.context.jdbc.SqlScriptsTestExecutionListener@7bb996e0, org.springframework.test.context.event.EventPublishingTestExecutionListener@da2303c, org.springframework.boot.test.autoconfigure.restdocs.RestDocsTestExecutionListener@72b60be8, org.springframework.boot.test.autoconfigure.web.client.MockRestServiceServerResetTestExecutionListener@6f254d79, org.springframework.boot.test.autoconfigure.web.servlet.MockMvcPrintOnlyOnFailureTestExecutionListener@589cc8eb, org.springframework.boot.test.autoconfigure.web.servlet.WebDriverTestExecutionListener@44233014, org.springframework.boot.test.autoconfigure.webservices.client.MockWebServiceServerTestExecutionListener@6888a33, org.springframework.boot.test.mock.mockito.ResetMocksTestExecutionListener@4303511e]
]]></system-out>
  <system-err><![CDATA[]]></system-err>
</testsuite>
